build/intermediates/manifest_merge_blame_file/phoneRelease/manifest-merger-blame-phone-release-report.txt
1<?xml version="1.0" encoding="utf-8"?>
2<manifest xmlns:android="http://schemas.android.com/apk/res/android"
3    package="com.android.talkback4d"
4    android:versionName="TfGH_release_12_2-2022_09_03_1641" >
5
6    <uses-sdk
7        android:minSdkVersion="26"
7-->src/main/AndroidManifest.xml
8        android:targetSdkVersion="30" />
8-->src/main/AndroidManifest.xml
9
10    <!--
11  Strings with the format ${foo}, such as ${applicationId}, are called
12  placeholders, and they get replaced by the build system with the appropriate
13  value when a build executes.
14    -->
15
16
17    <!-- Permission used to restrict sending gestures and resuming feedback. -->
18    <permission
19        android:name="com.android.talkback.permission.TALKBACK"
19-->src/main/AndroidManifest.xml:13:7-47
20        android:description="@string/permission_talkback_desc"
20-->src/main/AndroidManifest.xml:14:7-61
21        android:icon="@drawable/ic_launcher"
21-->src/main/AndroidManifest.xml:15:7-43
22        android:label="@string/permission_talkback_label"
22-->src/main/AndroidManifest.xml:16:7-56
23        android:protectionLevel="signature" />
23-->src/main/AndroidManifest.xml:17:7-42
24
25    <!-- Required for shortcuts and widgets. -->
26    <uses-permission android:name="com.android.talkback.permission.TALKBACK" />
26-->src/main/AndroidManifest.xml:20:20-60
27
28    <!--
29    Strings with the format ${foo}, such as ${applicationId}, are called
30    placeholders, and they get replaced by the build system with the appropriate
31    value when a build executes.
32    -->
33    <!--
34    The <queries> element allows us to ask the package manager about
35    the installation status of external components we are interested in. This
36    policy change was introduced in Android 11.
37    -->
38    <queries>
38-->[:talkback] AndroidManifest.xml:20:5-27:15
39        <intent>
39-->[:talkback] AndroidManifest.xml:21:9-23:18
40            <action android:name="android.intent.action.TTS_SERVICE" />
40-->[:talkback] AndroidManifest.xml:22:13-72
40-->[:talkback] AndroidManifest.xml:22:21-69
41        </intent>
42        <intent>
42-->[:talkback] AndroidManifest.xml:24:9-26:18
43            <action android:name="android.speech.RecognitionService" />
43-->[:talkback] AndroidManifest.xml:25:13-72
43-->[:talkback] AndroidManifest.xml:25:21-69
44        </intent>
45    </queries> <!-- Used by voice commands. -->
46    <uses-feature
46-->[:talkback] AndroidManifest.xml:30:5-32:36
47        android:name="android.hardware.microphone"
47-->[:talkback] AndroidManifest.xml:31:9-51
48        android:required="false" />
48-->[:talkback] AndroidManifest.xml:32:9-33
49    <uses-feature
49-->[:talkback] AndroidManifest.xml:33:5-35:36
50        android:name="android.hardware.location"
50-->[:talkback] AndroidManifest.xml:34:9-49
51        android:required="false" /> <!-- Required for fingerprint gesture. -->
51-->[:talkback] AndroidManifest.xml:35:9-33
52    <uses-permission android:name="android.permission.USE_FINGERPRINT" /> <!-- Required to monitor phone busy state. -->
52-->[:talkback] AndroidManifest.xml:38:5-74
52-->[:talkback] AndroidManifest.xml:38:22-71
53    <uses-permission android:name="android.permission.READ_PHONE_STATE" /> <!-- Required for haptic feedback. -->
53-->[:talkback] AndroidManifest.xml:41:5-75
53-->[:talkback] AndroidManifest.xml:41:22-72
54    <uses-permission android:name="android.permission.VIBRATE" /> <!-- Required for keeping the screen awake during continuous reading and key filtering. -->
54-->[:talkback] AndroidManifest.xml:44:5-66
54-->[:talkback] AndroidManifest.xml:44:22-63
55    <uses-permission android:name="android.permission.WAKE_LOCK" /> <!-- Required for managing audio levels on GB. -->
55-->[:talkback] AndroidManifest.xml:47:5-68
55-->[:talkback] AndroidManifest.xml:47:22-65
56    <uses-permission android:name="android.permission.MODIFY_AUDIO_SETTINGS" /> <!-- Required for speech recognition and hearing user's audio -->
56-->[:talkback] AndroidManifest.xml:50:5-80
56-->[:talkback] AndroidManifest.xml:50:22-77
57    <uses-permission android:name="android.permission.RECORD_AUDIO" /> <!-- Required for App Enumeration -->
57-->[:talkback] AndroidManifest.xml:53:5-71
57-->[:talkback] AndroidManifest.xml:53:22-68
58    <uses-permission android:name="android.permission.QUERY_ALL_PACKAGES" /> <!-- Required for sending data to Google Analytics. -->
58-->[:talkback] AndroidManifest.xml:56:5-77
58-->[:talkback] AndroidManifest.xml:56:22-74
59    <uses-permission android:name="android.permission.INTERNET" />
59-->[:talkback] AndroidManifest.xml:59:5-67
59-->[:talkback] AndroidManifest.xml:59:22-64
60    <uses-permission android:name="android.permission.ACCESS_NETWORK_STATE" />
60-->[:talkback] AndroidManifest.xml:60:5-79
60-->[:talkback] AndroidManifest.xml:60:22-76
61    <uses-permission android:name="android.permission.RECEIVE_BOOT_COMPLETED" /> <!-- Required for calling Service.startForeground after API 28. -->
61-->[:talkback] AndroidManifest.xml:61:5-81
61-->[:talkback] AndroidManifest.xml:61:22-78
62    <uses-permission android:name="android.permission.FOREGROUND_SERVICE" /> <!-- Required for Primes. -->
62-->[:talkback] AndroidManifest.xml:64:5-77
62-->[:talkback] AndroidManifest.xml:64:22-74
63    <uses-permission android:name="android.permission.GET_PACKAGE_SIZE" /> <!-- Used to control Primes collection using Gservices flags -->
63-->[:talkback] AndroidManifest.xml:67:5-75
63-->[:talkback] AndroidManifest.xml:67:22-72
64    <uses-permission android:name="com.google.android.providers.gsf.permission.READ_GSERVICES" /> <!-- Hardware compatibility. -->
64-->[:talkback] AndroidManifest.xml:70:5-98
64-->[:talkback] AndroidManifest.xml:70:22-95
65    <uses-feature
65-->[:talkback] AndroidManifest.xml:73:5-75:36
66        android:name="android.hardware.touchscreen"
66-->[:talkback] AndroidManifest.xml:74:9-52
67        android:required="false" />
67-->[:talkback] AndroidManifest.xml:75:9-33
68    <uses-feature
68-->[:talkback] AndroidManifest.xml:76:5-78:36
69        android:name="android.hardware.sensor.accelerometer"
69-->[:talkback] AndroidManifest.xml:77:9-61
70        android:required="false" />
70-->[:talkback] AndroidManifest.xml:78:9-33
71
72    <permission
72-->[androidx.core:core:1.9.0-rc01] AndroidManifest.xml:22:5-24:47
73        android:name="com.android.talkback4d.DYNAMIC_RECEIVER_NOT_EXPORTED_PERMISSION"
73-->[androidx.core:core:1.9.0-rc01] AndroidManifest.xml:23:9-81
74        android:protectionLevel="signature" />
74-->[androidx.core:core:1.9.0-rc01] AndroidManifest.xml:24:9-44
75
76    <uses-permission android:name="com.android.talkback4d.DYNAMIC_RECEIVER_NOT_EXPORTED_PERMISSION" />
76-->[androidx.core:core:1.9.0-rc01] AndroidManifest.xml:26:5-97
76-->[androidx.core:core:1.9.0-rc01] AndroidManifest.xml:26:22-94
77
78    <application
78-->[:talkback] AndroidManifest.xml:80:5-282:19
79        android:appComponentFactory="androidx.core.app.CoreComponentFactory"
79-->[androidx.core:core:1.9.0-rc01] AndroidManifest.xml:28:18-86
80        android:extractNativeLibs="false"
81        android:icon="@drawable/ic_launcher"
81-->[:talkback] AndroidManifest.xml:81:9-45
82        android:label="@string/app_name"
82-->[:talkback] AndroidManifest.xml:82:9-41
83        android:roundIcon="@drawable/ic_launcher_round"
83-->[:talkback] AndroidManifest.xml:83:9-56
84        android:supportsRtl="true"
84-->[:talkback] AndroidManifest.xml:84:9-35
85        android:theme="@style/BrailleDisplayTheme" >
85-->[:brailleime] AndroidManifest.xml:13:18-60
86        <receiver
86-->[:talkback] AndroidManifest.xml:85:9-95:20
87            android:name="com.google.android.accessibility.talkback.BootReceiver"
87-->[:talkback] AndroidManifest.xml:86:13-82
88            android:directBootAware="true"
88-->[:talkback] AndroidManifest.xml:87:13-43
89            android:exported="true" >
89-->[:talkback] AndroidManifest.xml:88:13-36
90            <intent-filter>
90-->[:talkback] AndroidManifest.xml:89:13-94:29
91                <action android:name="android.intent.action.LOCKED_BOOT_COMPLETED" />
91-->[:talkback] AndroidManifest.xml:90:17-86
91-->[:talkback] AndroidManifest.xml:90:25-83
92                <action android:name="android.intent.action.BOOT_COMPLETED" />
92-->[:talkback] AndroidManifest.xml:91:17-79
92-->[:talkback] AndroidManifest.xml:91:25-76
93
94                <category android:name="android.intent.category.DEFAULT" />
94-->[:talkback] AndroidManifest.xml:93:17-76
94-->[:talkback] AndroidManifest.xml:93:27-73
95            </intent-filter>
96        </receiver>
97
98        <!-- TalkBack -->
99        <service
99-->[:talkback] AndroidManifest.xml:98:9-117:19
100            android:name="com.developer.talkback.TalkBackDevService"
100-->[:talkback] AndroidManifest.xml:99:13-69
101            android:directBootAware="true"
101-->[:talkback] AndroidManifest.xml:100:13-43
102            android:exported="true"
102-->[:talkback] AndroidManifest.xml:101:13-36
103            android:icon="@drawable/ic_launcher"
103-->[:talkback] AndroidManifest.xml:102:13-49
104            android:label="@string/talkback_title"
104-->[:talkback] AndroidManifest.xml:103:13-51
105            android:permission="android.permission.BIND_ACCESSIBILITY_SERVICE"
105-->[:talkback] AndroidManifest.xml:104:13-79
106            android:settingsActivity="com.android.talkback.TalkBackPreferencesActivity" >
106-->[:talkback] AndroidManifest.xml:105:13-88
107            <intent-filter>
107-->[:talkback] AndroidManifest.xml:106:13-112:29
108                <action android:name="android.accessibilityservice.AccessibilityService" />
108-->[:talkback] AndroidManifest.xml:107:17-92
108-->[:talkback] AndroidManifest.xml:107:25-89
109
110                <category android:name="android.accessibilityservice.category.FEEDBACK_AUDIBLE" />
110-->[:talkback] AndroidManifest.xml:109:17-99
110-->[:talkback] AndroidManifest.xml:109:27-96
111                <category android:name="android.accessibilityservice.category.FEEDBACK_HAPTIC" />
111-->[:talkback] AndroidManifest.xml:110:17-98
111-->[:talkback] AndroidManifest.xml:110:27-95
112                <category android:name="android.accessibilityservice.category.FEEDBACK_SPOKEN" />
112-->[:talkback] AndroidManifest.xml:111:17-98
112-->[:talkback] AndroidManifest.xml:111:27-95
113            </intent-filter>
114
115            <meta-data
115-->[:talkback] AndroidManifest.xml:114:13-116:64
116                android:name="android.accessibilityservice"
116-->[:talkback] AndroidManifest.xml:115:17-60
117                android:resource="@xml/accessibilityservice" />
117-->[:talkback] AndroidManifest.xml:116:17-61
118        </service>
119        <service
119-->[:talkback] AndroidManifest.xml:118:9-123:50
120            android:name="com.google.android.accessibility.talkback.ipc.IpcService"
120-->[:talkback] AndroidManifest.xml:119:13-84
121            android:enabled="true"
121-->[:talkback] AndroidManifest.xml:120:13-35
122            android:exported="false"
122-->[:talkback] AndroidManifest.xml:121:13-37
123            android:icon="@drawable/icon"
123-->[:talkback] AndroidManifest.xml:122:13-42
124            android:label="TalkBackIpcService" />
124-->[:talkback] AndroidManifest.xml:123:13-47
125
126        <!-- TalkBack Preferences -->
127        <activity
127-->[:talkback] AndroidManifest.xml:126:9-140:20
128            android:name="com.android.talkback.TalkBackPreferencesActivity"
128-->[:talkback] AndroidManifest.xml:127:13-76
129            android:configChanges="orientation|screenSize"
129-->[:talkback] AndroidManifest.xml:128:13-59
130            android:exported="true"
130-->[:talkback] AndroidManifest.xml:129:13-36
131            android:label="@string/talkback_preferences_title"
131-->[:talkback] AndroidManifest.xml:130:13-63
132            android:launchMode="singleTop"
132-->[:talkback] AndroidManifest.xml:131:13-43
133            android:taskAffinity="com.google.android.accessibility.talkback.SettingsAffinity"
133-->[:talkback] AndroidManifest.xml:132:13-94
134            android:theme="@style/TalkBackSettings" >
134-->[:talkback] AndroidManifest.xml:133:13-52
135            <intent-filter>
135-->[:talkback] AndroidManifest.xml:135:13-139:29
136                <action android:name="android.intent.action.MAIN" />
136-->[:talkback] AndroidManifest.xml:136:17-69
136-->[:talkback] AndroidManifest.xml:136:25-66
137
138                <category android:name="android.accessibilityservice.SERVICE_SETTINGS" />
138-->[:talkback] AndroidManifest.xml:138:17-90
138-->[:talkback] AndroidManifest.xml:138:27-87
139            </intent-filter>
140        </activity>
141
142        <!-- TalkBack Gesture Shortcut Preferences -->
143        <activity
143-->[:talkback] AndroidManifest.xml:143:9-159:20
144            android:name="com.google.android.accessibility.talkback.preference.TalkBackShortcutPreferencesActivity"
144-->[:talkback] AndroidManifest.xml:144:13-116
145            android:configChanges="orientation|screenSize"
145-->[:talkback] AndroidManifest.xml:145:13-59
146            android:exported="true"
146-->[:talkback] AndroidManifest.xml:146:13-36
147            android:label="@string/title_pref_category_manage_gestures"
147-->[:talkback] AndroidManifest.xml:147:13-72
148            android:launchMode="singleTop"
148-->[:talkback] AndroidManifest.xml:148:13-43
149            android:taskAffinity="com.google.android.accessibility.talkback.SettingsAffinity"
149-->[:talkback] AndroidManifest.xml:149:13-94
150            android:theme="@style/TalkBackSettings" >
150-->[:talkback] AndroidManifest.xml:150:13-52
151
152            <!-- This preference activity can receive an implicit intent action -->
153            <intent-filter>
153-->[:talkback] AndroidManifest.xml:154:13-158:29
154                <action android:name=".TalkBackShortcutPreferencesActivity" />
155
156                <category android:name="android.intent.category.DEFAULT" />
156-->[:talkback] AndroidManifest.xml:93:17-76
156-->[:talkback] AndroidManifest.xml:93:27-73
157            </intent-filter>
158        </activity>
159
160        <!-- TalkBack permission request activity proxy -->
161        <activity
161-->[:talkback] AndroidManifest.xml:162:9-169:20
162            android:name="com.google.android.accessibility.talkback.permission.PermissionRequestActivity"
162-->[:talkback] AndroidManifest.xml:163:13-106
163            android:directBootAware="true"
163-->[:talkback] AndroidManifest.xml:164:13-43
164            android:excludeFromRecents="true"
164-->[:talkback] AndroidManifest.xml:165:13-46
165            android:exported="false"
165-->[:talkback] AndroidManifest.xml:166:13-37
166            android:noHistory="false"
166-->[:talkback] AndroidManifest.xml:167:13-38
167            android:theme="@style/BlankActivityTheme" >
167-->[:talkback] AndroidManifest.xml:168:13-54
168        </activity>
169
170        <!-- TalkBack tutorial and help preferences -->
171        <activity
171-->[:talkback] AndroidManifest.xml:172:9-187:20
172            android:name="com.google.android.accessibility.talkback.preference.TalkBackHelpPreferencesActivity"
172-->[:talkback] AndroidManifest.xml:173:13-112
173            android:configChanges="orientation|screenSize"
173-->[:talkback] AndroidManifest.xml:174:13-59
174            android:exported="false"
174-->[:talkback] AndroidManifest.xml:175:13-37
175            android:label="@string/title_pref_category_tutorial_and_help"
175-->[:talkback] AndroidManifest.xml:176:13-74
176            android:launchMode="singleTop"
176-->[:talkback] AndroidManifest.xml:177:13-43
177            android:taskAffinity="com.google.android.accessibility.talkback.SettingsAffinity"
177-->[:talkback] AndroidManifest.xml:178:13-94
178            android:theme="@style/TalkBackSettings" >
178-->[:talkback] AndroidManifest.xml:179:13-52
179
180            <!-- This preference activity can receive an implicit intent action -->
181            <intent-filter>
181-->[:talkback] AndroidManifest.xml:182:13-186:29
182                <action android:name=".preference.TalkBackHelpPreferencesActivity" />
183
184                <category android:name="android.intent.category.DEFAULT" />
184-->[:talkback] AndroidManifest.xml:93:17-76
184-->[:talkback] AndroidManifest.xml:93:27-73
185            </intent-filter>
186        </activity>
187
188        <!-- TalkBack training -->
189        <!-- To prevent slowdown of talkback event-handlers, arrange to run on a separate process. -->
190        <activity
190-->[:talkback] AndroidManifest.xml:191:9-201:20
191            android:name="com.google.android.accessibility.talkback.training.TrainingActivity"
191-->[:talkback] AndroidManifest.xml:192:13-95
192            android:configChanges="keyboardHidden|orientation|screenSize"
192-->[:talkback] AndroidManifest.xml:193:13-74
193            android:directBootAware="true"
193-->[:talkback] AndroidManifest.xml:194:13-43
194            android:exported="true"
194-->[:talkback] AndroidManifest.xml:195:13-36
195            android:launchMode="singleTop"
195-->[:talkback] AndroidManifest.xml:196:13-43
196            android:process=":Tutorial"
196-->[:talkback] AndroidManifest.xml:197:13-40
197            android:theme="@style/TrainingActivityTheme"
197-->[:talkback] AndroidManifest.xml:198:13-57
198            android:windowSoftInputMode="adjustResize" >
198-->[:talkback] AndroidManifest.xml:199:13-55
199        </activity>
200        <activity
200-->[:talkback] AndroidManifest.xml:202:9-208:20
201            android:name="com.google.android.accessibility.talkback.labeling.LabelImportActivity"
201-->[:talkback] AndroidManifest.xml:203:13-98
202            android:excludeFromRecents="true"
202-->[:talkback] AndroidManifest.xml:204:13-46
203            android:exported="true"
203-->[:talkback] AndroidManifest.xml:205:13-36
204            android:launchMode="singleInstance"
204-->[:talkback] AndroidManifest.xml:206:13-48
205            android:theme="@style/DialogStyle" >
205-->[:talkback] AndroidManifest.xml:207:13-47
206        </activity>
207
208        <!-- Custom Label Manager - Summary Activity -->
209        <activity
209-->[:talkback] AndroidManifest.xml:211:9-225:20
210            android:name="com.google.android.accessibility.talkback.labeling.LabelManagerSummaryActivity"
210-->[:talkback] AndroidManifest.xml:212:13-106
211            android:exported="false"
211-->[:talkback] AndroidManifest.xml:213:13-37
212            android:label="@string/label_manager_summary_title"
212-->[:talkback] AndroidManifest.xml:214:13-64
213            android:launchMode="singleTop"
213-->[:talkback] AndroidManifest.xml:215:13-43
214            android:taskAffinity="com.google.android.accessibility.talkback.SettingsAffinity"
214-->[:talkback] AndroidManifest.xml:216:13-94
215            android:theme="@style/TalkBackSettings" >
215-->[:talkback] AndroidManifest.xml:217:13-52
216
217            <!-- This preference activity can receive an implicit intent action -->
218            <intent-filter>
218-->[:talkback] AndroidManifest.xml:220:13-224:29
219                <action android:name=".labeling.TalkBackSelectorPreferencesActivity" />
220
221                <category android:name="android.intent.category.DEFAULT" />
221-->[:talkback] AndroidManifest.xml:93:17-76
221-->[:talkback] AndroidManifest.xml:93:27-73
222            </intent-filter>
223        </activity>
224
225        <!-- Custom Label Manager - Package Activity -->
226        <activity
226-->[:talkback] AndroidManifest.xml:228:9-234:55
227            android:name="com.google.android.accessibility.talkback.labeling.LabelManagerPackageActivity"
227-->[:talkback] AndroidManifest.xml:229:13-106
228            android:exported="false"
228-->[:talkback] AndroidManifest.xml:230:13-37
229            android:label="@string/manage_label"
229-->[:talkback] AndroidManifest.xml:231:13-49
230            android:launchMode="singleTop"
230-->[:talkback] AndroidManifest.xml:232:13-43
231            android:taskAffinity="com.google.android.accessibility.talkback.SettingsAffinity"
231-->[:talkback] AndroidManifest.xml:233:13-94
232            android:theme="@style/TalkBackSettings" />
232-->[:talkback] AndroidManifest.xml:234:13-52
233
234        <!-- Gesture Change Notification Activity -->
235        <activity
235-->[:talkback] AndroidManifest.xml:237:9-246:20
236            android:name="com.google.android.accessibility.talkback.preference.GestureChangeNotificationActivity"
236-->[:talkback] AndroidManifest.xml:238:13-114
237            android:directBootAware="true"
237-->[:talkback] AndroidManifest.xml:239:13-43
238            android:exported="true"
238-->[:talkback] AndroidManifest.xml:240:13-36
239            android:theme="@style/DialogStyle" >
239-->[:talkback] AndroidManifest.xml:241:13-47
240            <intent-filter>
240-->[:talkback] AndroidManifest.xml:243:13-245:29
241                <action android:name="android.intent.action.MAIN" />
241-->[:talkback] AndroidManifest.xml:136:17-69
241-->[:talkback] AndroidManifest.xml:136:25-66
242            </intent-filter>
243        </activity>
244
245        <!-- Notification Activity used periodically to inform the user of changes -->
246        <activity
246-->[:talkback] AndroidManifest.xml:249:9-258:20
247            android:name="com.google.android.accessibility.talkback.NotificationActivity"
247-->[:talkback] AndroidManifest.xml:250:13-90
248            android:directBootAware="true"
248-->[:talkback] AndroidManifest.xml:251:13-43
249            android:exported="true"
249-->[:talkback] AndroidManifest.xml:252:13-36
250            android:theme="@style/DialogStyle" >
250-->[:talkback] AndroidManifest.xml:253:13-47
251            <intent-filter>
251-->[:talkback] AndroidManifest.xml:243:13-245:29
252                <action android:name="android.intent.action.MAIN" />
252-->[:talkback] AndroidManifest.xml:136:17-69
252-->[:talkback] AndroidManifest.xml:136:25-66
253            </intent-filter>
254        </activity>
255
256        <!-- Content provider for custom label data -->
257        <provider
257-->[:talkback] AndroidManifest.xml:261:9-265:39
258            android:name="com.google.android.accessibility.talkback.labeling.LabelProvider"
258-->[:talkback] AndroidManifest.xml:262:13-92
259            android:authorities="com.android.talkback4d.providers.LabelProvider"
259-->[:talkback] AndroidManifest.xml:263:13-75
260            android:directBootAware="true"
260-->[:talkback] AndroidManifest.xml:264:13-43
261            android:exported="true" />
261-->[:talkback] AndroidManifest.xml:265:13-36
262        <provider
262-->[:talkback] AndroidManifest.xml:266:9-274:20
263            android:name="androidx.core.content.FileProvider"
263-->[:talkback] AndroidManifest.xml:267:13-62
264            android:authorities="com.android.talkback4d.providers.FileProvider"
264-->[:talkback] AndroidManifest.xml:268:13-74
265            android:exported="false"
265-->[:talkback] AndroidManifest.xml:269:13-37
266            android:grantUriPermissions="true" >
266-->[:talkback] AndroidManifest.xml:270:13-47
267            <meta-data
267-->[:talkback] AndroidManifest.xml:271:13-273:54
268                android:name="android.support.FILE_PROVIDER_PATHS"
268-->[:talkback] AndroidManifest.xml:272:17-67
269                android:resource="@xml/file_paths" />
269-->[:talkback] AndroidManifest.xml:273:17-51
270        </provider>
271
272        <meta-data
272-->[:talkback] AndroidManifest.xml:276:9-278:58
273            android:name="support_lift_to_type"
273-->[:talkback] AndroidManifest.xml:277:13-48
274            android:value="@bool/support_lift_to_type" />
274-->[:talkback] AndroidManifest.xml:278:13-55
275        <meta-data
275-->[:talkback] AndroidManifest.xml:279:9-281:35
276            android:name="com.google.mlkit.vision.DEPENDENCIES"
276-->[:talkback] AndroidManifest.xml:280:13-64
277            android:value="ocr" />
277-->[:talkback] AndroidManifest.xml:281:13-32
278
279        <service
279-->[:brailleime] AndroidManifest.xml:14:9-28:19
280            android:name="com.google.android.accessibility.brailleime.BrailleIme"
280-->[:brailleime] AndroidManifest.xml:15:13-82
281            android:directBootAware="true"
281-->[:brailleime] AndroidManifest.xml:16:13-43
282            android:enabled="false"
282-->[:brailleime] AndroidManifest.xml:17:13-36
283            android:exported="true"
283-->[:brailleime] AndroidManifest.xml:18:13-36
284            android:label="@string/braille_ime_service_name"
284-->[:brailleime] AndroidManifest.xml:19:13-61
285            android:permission="android.permission.BIND_INPUT_METHOD" >
285-->[:brailleime] AndroidManifest.xml:20:13-70
286            <intent-filter>
286-->[:brailleime] AndroidManifest.xml:21:13-23:29
287                <action android:name="android.view.InputMethod" />
287-->[:brailleime] AndroidManifest.xml:22:17-67
287-->[:brailleime] AndroidManifest.xml:22:25-64
288            </intent-filter>
289
290            <meta-data
290-->[:brailleime] AndroidManifest.xml:25:13-27:55
291                android:name="android.view.im"
291-->[:brailleime] AndroidManifest.xml:26:17-47
292                android:resource="@xml/braille_ime" />
292-->[:brailleime] AndroidManifest.xml:27:17-52
293        </service>
294
295        <activity
295-->[:brailleime] AndroidManifest.xml:30:9-44:20
296            android:name="com.google.android.accessibility.brailleime.settings.BrailleImePreferencesActivity"
296-->[:brailleime] AndroidManifest.xml:31:13-110
297            android:configChanges="orientation|screenSize"
297-->[:brailleime] AndroidManifest.xml:32:13-59
298            android:exported="true"
298-->[:brailleime] AndroidManifest.xml:33:13-36
299            android:label="@string/braille_keyboard"
299-->[:brailleime] AndroidManifest.xml:34:13-53
300            android:launchMode="singleTop"
300-->[:brailleime] AndroidManifest.xml:35:13-43
301            android:taskAffinity="com.google.android.accessibility.talkback.SettingsAffinity"
301-->[:brailleime] AndroidManifest.xml:36:13-94
302            android:theme="@style/SettingsTheme" >
302-->[:brailleime] AndroidManifest.xml:37:13-49
303            <intent-filter>
303-->[:brailleime] AndroidManifest.xml:39:13-43:29
304                <action android:name=".BrailleImePreferencesActivity" />
305
306                <category android:name="android.intent.category.DEFAULT" />
306-->[:talkback] AndroidManifest.xml:93:17-76
306-->[:talkback] AndroidManifest.xml:93:27-73
307            </intent-filter>
308        </activity>
309
310        <receiver
310-->[:brailleime] AndroidManifest.xml:46:9-53:20
311            android:name="com.google.android.accessibility.brailleime.MyPackageReplacedReceiver"
311-->[:brailleime] AndroidManifest.xml:47:13-97
312            android:enabled="true"
312-->[:brailleime] AndroidManifest.xml:48:13-35
313            android:exported="true" >
313-->[:brailleime] AndroidManifest.xml:49:13-36
314            <intent-filter>
314-->[:brailleime] AndroidManifest.xml:50:13-52:29
315                <action android:name="android.intent.action.MY_PACKAGE_REPLACED" />
315-->[:brailleime] AndroidManifest.xml:51:17-84
315-->[:brailleime] AndroidManifest.xml:51:25-81
316            </intent-filter>
317        </receiver>
318
319        <uses-library
319-->[com.google.android.support:wearable:2.8.1] AndroidManifest.xml:10:9-12:40
320            android:name="com.google.android.wearable"
320-->[com.google.android.support:wearable:2.8.1] AndroidManifest.xml:11:13-55
321            android:required="false" />
321-->[com.google.android.support:wearable:2.8.1] AndroidManifest.xml:12:13-37
322
323        <service
323-->[com.google.android.gms:play-services-mlkit-text-recognition-common:17.1.0] AndroidManifest.xml:9:9-15:19
324            android:name="com.google.mlkit.common.internal.MlKitComponentDiscoveryService"
324-->[com.google.android.gms:play-services-mlkit-text-recognition-common:17.1.0] AndroidManifest.xml:10:13-91
325            android:directBootAware="true"
325-->[com.google.mlkit:common:18.5.0] AndroidManifest.xml:17:13-43
326            android:exported="false" >
326-->[com.google.android.gms:play-services-mlkit-text-recognition-common:17.1.0] AndroidManifest.xml:11:13-37
327            <meta-data
327-->[com.google.android.gms:play-services-mlkit-text-recognition-common:17.1.0] AndroidManifest.xml:12:13-14:85
328                android:name="com.google.firebase.components:com.google.mlkit.vision.text.internal.TextRegistrar"
328-->[com.google.android.gms:play-services-mlkit-text-recognition-common:17.1.0] AndroidManifest.xml:13:17-114
329                android:value="com.google.firebase.components.ComponentRegistrar" />
329-->[com.google.android.gms:play-services-mlkit-text-recognition-common:17.1.0] AndroidManifest.xml:14:17-82
330            <meta-data
330-->[com.google.mlkit:vision-common:17.2.0] AndroidManifest.xml:12:13-14:85
331                android:name="com.google.firebase.components:com.google.mlkit.vision.common.internal.VisionCommonRegistrar"
331-->[com.google.mlkit:vision-common:17.2.0] AndroidManifest.xml:13:17-124
332                android:value="com.google.firebase.components.ComponentRegistrar" />
332-->[com.google.mlkit:vision-common:17.2.0] AndroidManifest.xml:14:17-82
333            <meta-data
333-->[com.google.mlkit:common:18.5.0] AndroidManifest.xml:20:13-22:85
334                android:name="com.google.firebase.components:com.google.mlkit.common.internal.CommonComponentRegistrar"
334-->[com.google.mlkit:common:18.5.0] AndroidManifest.xml:21:17-120
335                android:value="com.google.firebase.components.ComponentRegistrar" />
335-->[com.google.mlkit:common:18.5.0] AndroidManifest.xml:22:17-82
336        </service>
337
338        <provider
338-->[com.google.mlkit:common:18.5.0] AndroidManifest.xml:9:9-13:38